[01:51:18] [ServerMain/INFO]: Environment: Environment[sessionHost=https://sessionserver.mojang.com, servicesHost=https://api.minecraftservices.com, name=PROD]
[01:51:25] [ServerMain/INFO]: Loaded 1337 recipes
[01:51:25] [ServerMain/INFO]: Loaded 1448 advancements
[01:51:25] [Server thread/INFO]: Starting minecraft server version 1.21.3
[01:51:25] [Server thread/INFO]: Loading properties
[01:51:25] [Server thread/INFO]: Default game type: SURVIVAL
[01:51:25] [Server thread/INFO]: Generating keypair
[01:51:26] [Server thread/INFO]: Starting Minecraft server on *:25565
[01:51:26] [Server thread/INFO]: Using epoll channel type
[01:51:26] [Server thread/WARN]: **** SERVER IS RUNNING IN OFFLINE/INSECURE MODE!
[01:51:26] [Server thread/WARN]: The server will make no attempt to authenticate usernames. Beware.
[01:51:26] [Server thread/WARN]: While this makes the game possible to play without internet access, it also opens up the ability for hackers to connect with any username they choose.
[01:51:26] [Server thread/WARN]: To change this, set "online-mode" to "true" in the server.properties file.
[01:51:26] [Server thread/INFO]: Preparing level "world"
[01:51:27] [Server thread/INFO]: Preparing start region for dimension minecraft:overworld
[01:51:43] [Worker-Main-1/INFO]: Preparing spawn area: 0%
[01:51:43] [Worker-Main-1/INFO]: Preparing spawn area: 0%
[01:51:43] [Worker-Main-1/INFO]: Preparing spawn area: 0%
[01:51:43] [Worker-Main-1/INFO]: Preparing spawn area: 0%
[01:51:43] [Worker-Main-1/INFO]: Preparing spawn area: 0%
[01:51:43] [Worker-Main-1/INFO]: Preparing spawn area: 0%
[01:51:43] [Worker-Main-1/INFO]: Preparing spawn area: 0%
[01:51:43] [Worker-Main-1/INFO]: Preparing spawn area: 0%
[01:51:43] [Worker-Main-1/INFO]: Preparing spawn area: 0%
[01:51:43] [Worker-Main-1/INFO]: Preparing spawn area: 0%
[01:51:43] [Worker-Main-1/INFO]: Preparing spawn area: 0%
[01:51:43] [Worker-Main-1/INFO]: Preparing spawn area: 0%
[01:51:43] [Worker-Main-1/INFO]: Preparing spawn area: 0%
[01:51:43] [Worker-Main-1/INFO]: Preparing spawn area: 0%
[01:51:43] [Worker-Main-1/INFO]: Preparing spawn area: 0%
[01:51:43] [Worker-Main-1/INFO]: Preparing spawn area: 0%
[01:51:43] [Worker-Main-1/INFO]: Preparing spawn area: 0%
[01:51:43] [Worker-Main-1/INFO]: Preparing spawn area: 0%
[01:51:43] [Worker-Main-1/INFO]: Preparing spawn area: 0%
[01:51:43] [Worker-Main-1/INFO]: Preparing spawn area: 0%
[01:51:43] [Worker-Main-1/INFO]: Preparing spawn area: 0%
[01:51:43] [Worker-Main-1/INFO]: Preparing spawn area: 0%
[01:51:43] [Worker-Main-1/INFO]: Preparing spawn area: 0%
[01:51:43] [Worker-Main-1/INFO]: Preparing spawn area: 0%
[01:51:43] [Worker-Main-1/INFO]: Preparing spawn area: 0%
[01:51:43] [Worker-Main-1/INFO]: Preparing spawn area: 0%
[01:51:43] [Worker-Main-1/INFO]: Preparing spawn area: 0%
[01:51:43] [Worker-Main-1/INFO]: Preparing spawn area: 0%
[01:51:43] [Worker-Main-1/INFO]: Preparing spawn area: 0%
[01:51:43] [Worker-Main-1/INFO]: Preparing spawn area: 0%
[01:51:43] [Worker-Main-1/INFO]: Preparing spawn area: 0%
[01:51:43] [Worker-Main-1/INFO]: Preparing spawn area: 0%
[01:51:43] [Server thread/INFO]: Time elapsed: 16044 ms
[01:51:43] [Server thread/INFO]: Done (17.013s)! For help, type "help"
[01:51:46] [Server thread/INFO]: L_Liaz[/127.248.114.85:54713] logged in with entity id 85 at (602.3000000119209, -35.0, -118.69999998807907)
[01:51:46] [Server thread/INFO]: L_Liaz joined the game
[01:54:07] [Server thread/INFO]: Gghost[/127.126.37.154:46361] logged in with entity id 903 at (621.0284333960635, 69.0, -272.1124631448308)
[01:54:07] [Server thread/INFO]: Gghost joined the game
[01:54:22] [Server thread/WARN]: UUID of added entity already exists: cic['Chicken'/1056, l='ServerLevel[world]', x=822.14, y=96.00, z=-464.21]
